\BOOKMARK [1][-]{Doc-Start}{\376\377\000D\000i\000p\000l\000o\000m\000a\000r\000b\000e\000i\000t\000\040\000D\000o\000k\000u\000m\000e\000n\000t\000a\000t\000i\000o\000n}{}% 1
\BOOKMARK [1][-]{Doc-Start}{\376\377\000D\000i\000p\000l\000o\000m\000a\000\040\000t\000h\000e\000s\000i\000s\000\040\000d\000o\000c\000u\000m\000e\000n\000t\000a\000t\000i\000o\000n}{}% 2
\BOOKMARK [1][-]{Doc-Start}{\376\377\000Z\000u\000s\000a\000m\000m\000e\000n\000f\000a\000s\000s\000u\000n\000g}{}% 3
\BOOKMARK [0][-]{Abstract.0}{\376\377\000A\000b\000s\000t\000r\000a\000c\000t}{}% 4
\BOOKMARK [0][-]{chapter.1}{\376\377\000P\000f\000l\000i\000c\000h\000t\000e\000n\000h\000e\000f\000t}{}% 5
\BOOKMARK [1][-]{section.1.1}{\376\377\000\304\000n\000d\000e\000r\000u\000n\000g\000s\000v\000e\000r\000s\000l\000a\000u\000f}{chapter.1}% 6
\BOOKMARK [1][-]{section.1.2}{\376\377\000E\000i\000n\000l\000e\000i\000t\000u\000n\000g}{chapter.1}% 7
\BOOKMARK [1][-]{section.1.3}{\376\377\000A\000l\000l\000g\000e\000m\000e\000i\000n\000e\000s}{chapter.1}% 8
\BOOKMARK [2][-]{subsection.1.3.1}{\376\377\000Z\000i\000e\000l\000\040\000u\000n\000d\000\040\000Z\000w\000e\000c\000k\000\040\000d\000e\000s\000\040\000D\000o\000k\000u\000m\000e\000n\000t\000s}{section.1.3}% 9
\BOOKMARK [2][-]{subsection.1.3.2}{\376\377\000A\000u\000s\000g\000a\000n\000g\000s\000s\000i\000t\000u\000a\000t\000i\000o\000n}{section.1.3}% 10
\BOOKMARK [2][-]{subsection.1.3.3}{\376\377\000P\000r\000o\000j\000e\000k\000t\000b\000e\000z\000u\000g}{section.1.3}% 11
\BOOKMARK [2][-]{subsection.1.3.4}{\376\377\000A\000b\000k\000\374\000r\000z\000u\000n\000g\000e\000n}{section.1.3}% 12
\BOOKMARK [2][-]{subsection.1.3.5}{\376\377\000T\000e\000a\000m\000s\000\040\000u\000n\000d\000\040\000S\000c\000h\000n\000i\000t\000t\000s\000t\000e\000l\000l\000e\000n}{section.1.3}% 13
\BOOKMARK [1][-]{section.1.4}{\376\377\000K\000o\000n\000z\000e\000p\000t}{chapter.1}% 14
\BOOKMARK [2][-]{subsection.1.4.1}{\376\377\000Z\000i\000e\000l\000\040\000d\000e\000r\000\040\000A\000n\000b\000i\000e\000t\000e\000r}{section.1.4}% 15
\BOOKMARK [2][-]{subsection.1.4.2}{\376\377\000Z\000i\000e\000l\000\040\000u\000n\000d\000\040\000N\000u\000t\000z\000e\000n\000\040\000d\000e\000s\000\040\000A\000n\000w\000e\000n\000d\000e\000r\000s}{section.1.4}% 16
\BOOKMARK [2][-]{subsection.1.4.3}{\376\377\000Z\000i\000e\000l\000g\000r\000u\000p\000p\000e\000n}{section.1.4}% 17
\BOOKMARK [1][-]{section.1.5}{\376\377\000F\000u\000n\000k\000t\000i\000o\000n\000a\000l\000e\000\040\000A\000n\000f\000o\000r\000d\000e\000r\000u\000n\000g\000e\000n}{chapter.1}% 18
\BOOKMARK [2][-]{subsection.1.5.1}{\376\377\000E\000m\000p\000f\000a\000n\000g\000e\000n\000\040\000v\000o\000n\000\040\000T\000e\000l\000e\000k\000o\000m\000m\000u\000n\000i\000k\000a\000t\000i\000o\000n\000s\000d\000a\000t\000e\000n}{section.1.5}% 19
\BOOKMARK [2][-]{subsection.1.5.2}{\376\377\000D\000e\000c\000o\000d\000i\000e\000r\000e\000n\000\040\000u\000n\000d\000\040\000Z\000u\000o\000r\000d\000n\000e\000n\000\040\000e\000m\000p\000f\000a\000n\000g\000e\000n\000e\000r\000\040\000D\000a\000t\000e\000n}{section.1.5}% 20
\BOOKMARK [2][-]{subsection.1.5.3}{\376\377\000G\000r\000a\000f\000i\000s\000c\000h\000e\000\040\000D\000a\000r\000s\000t\000e\000l\000l\000u\000n\000g\000\040\000e\000m\000p\000f\000a\000n\000g\000e\000n\000e\000r\000\040\000D\000a\000t\000e\000n}{section.1.5}% 21
\BOOKMARK [1][-]{section.1.6}{\376\377\000N\000i\000c\000h\000t\000f\000u\000n\000k\000t\000i\000o\000n\000a\000l\000e\000\040\000A\000n\000f\000o\000r\000d\000e\000r\000u\000n\000g\000e\000n}{chapter.1}% 22
\BOOKMARK [2][-]{subsection.1.6.1}{\376\377\000A\000l\000l\000g\000e\000m\000e\000i\000n\000e\000\040\000A\000n\000f\000o\000r\000d\000e\000r\000u\000n\000g\000e\000n}{section.1.6}% 23
\BOOKMARK [2][-]{subsection.1.6.2}{\376\377\000D\000o\000k\000u\000m\000e\000n\000t\000a\000t\000i\000v\000e\000\040\000A\000n\000f\000o\000r\000d\000e\000r\000u\000n\000g\000e\000n}{section.1.6}% 24
\BOOKMARK [2][-]{subsection.1.6.3}{\376\377\000T\000e\000c\000h\000n\000i\000s\000c\000h\000e\000\040\000A\000n\000f\000o\000r\000d\000e\000r\000u\000n\000g\000e\000n}{section.1.6}% 25
\BOOKMARK [1][-]{section.1.7}{\376\377\000R\000a\000h\000m\000e\000n\000b\000e\000d\000i\000n\000g\000u\000n\000g\000e\000n}{chapter.1}% 26
\BOOKMARK [2][-]{subsection.1.7.1}{\376\377\000Z\000e\000i\000t\000p\000l\000a\000n}{section.1.7}% 27
\BOOKMARK [2][-]{subsection.1.7.2}{\376\377\000T\000e\000c\000h\000n\000i\000s\000c\000h\000e\000\040\000A\000n\000f\000o\000r\000d\000e\000r\000u\000n\000g\000e\000n}{section.1.7}% 28
\BOOKMARK [2][-]{subsection.1.7.3}{\376\377\000P\000r\000o\000b\000l\000e\000m\000a\000n\000a\000l\000y\000s\000e}{section.1.7}% 29
\BOOKMARK [2][-]{subsection.1.7.4}{\376\377\000Q\000u\000a\000l\000i\000t\000\344\000t}{section.1.7}% 30
\BOOKMARK [1][-]{section.1.8}{\376\377\000A\000b\000g\000a\000b\000e\000b\000e\000d\000i\000n\000g\000u\000n\000g\000e\000n}{chapter.1}% 31
\BOOKMARK [1][-]{section.1.9}{\376\377\000A\000n\000h\000a\000n\000g}{chapter.1}% 32
\BOOKMARK [0][-]{chapter.2}{\376\377\000E\000i\000n\000f\000\374\000h\000r\000u\000n\000g}{}% 33
\BOOKMARK [1][-]{section.2.1}{\376\377\000S\000a\000t\000N\000O\000G\000S\000-\000N\000e\000t\000z\000w\000e\000r\000k}{chapter.2}% 34
\BOOKMARK [1][-]{section.2.2}{\376\377\000g\000r\000u\000n\000d\000l\000e\000g\000e\000n\000d\000e\000\040\000A\000n\000t\000e\000n\000n\000e\000n\000t\000h\000e\000o\000r\000i\000e}{chapter.2}% 35
\BOOKMARK [2][-]{subsection.2.2.1}{\376\377\000A\000n\000t\000e\000n\000n\000e\000n\000f\000e\000l\000d\000z\000o\000n\000e\000n}{section.2.2}% 36
\BOOKMARK [2][-]{subsection.2.2.2}{\376\377\000P\000o\000l\000a\000r\000i\000s\000a\000t\000i\000o\000n}{section.2.2}% 37
\BOOKMARK [2][-]{subsection.2.2.3}{\376\377\000K\000e\000n\000n\000g\000r\000\366\000\337\000e\000n\000\040\000e\000i\000n\000e\000r\000\040\000A\000n\000t\000e\000n\000n\000e}{section.2.2}% 38
\BOOKMARK [2][-]{subsection.2.2.4}{\376\377\000R\000i\000c\000h\000t\000c\000h\000a\000r\000a\000k\000t\000e\000r\000i\000s\000t\000i\000k\000\040\000u\000n\000d\000\040\000R\000i\000c\000h\000t\000d\000i\000a\000g\000r\000a\000m\000m}{section.2.2}% 39
\BOOKMARK [2][-]{subsection.2.2.5}{\376\377\000E\000i\000n\000f\000l\000u\000s\000s\000\040\000d\000e\000r\000\040\000E\000r\000d\000e\000\040\000a\000u\000f\000\040\000d\000a\000s\000\040\000R\000i\000c\000h\000t\000d\000i\000a\000g\000r\000a\000m\000m}{section.2.2}% 40
\BOOKMARK [2][-]{subsection.2.2.6}{\376\377\000B\000a\000l\000u\000n\000s}{section.2.2}% 41
\BOOKMARK [1][-]{section.2.3}{\376\377\000Q\000F\000H\000\040\000\050\000Q\000u\000a\000d\000r\000i\000f\000i\000l\000a\000r\000e\000\040\000H\000e\000l\000i\000x\000a\000n\000t\000e\000n\000n\000e\000\051}{chapter.2}% 42
\BOOKMARK [1][-]{section.2.4}{\376\377\000M\000o\000n\000o\000f\000i\000l\000a\000r\000e\000\040\000H\000e\000l\000i\000x\000a\000n\000t\000e\000n\000n\000e}{chapter.2}% 43
\BOOKMARK [0][-]{chapter.3}{\376\377\000E\000i\000n\000r\000i\000c\000h\000t\000e\000n\000\040\000d\000e\000s\000\040\000S\000a\000t\000N\000O\000G\000S\000\040\000C\000l\000i\000e\000n\000t}{}% 44
\BOOKMARK [1][-]{section.3.1}{\376\377\000g\000r\000u\000n\000d\000l\000e\000g\000e\000n\000d\000e\000\040\000K\000o\000n\000f\000i\000g\000u\000r\000a\000t\000i\000o\000n}{chapter.3}% 45
\BOOKMARK [2][-]{subsection.3.1.1}{\376\377\000V\000e\000r\000b\000i\000n\000d\000e\000n\000\040\000z\000u\000m\000\040\000R\000a\000s\000p\000b\000e\000r\000r\000y\000\040\000P\000I\000\040\0004}{section.3.1}% 46
\BOOKMARK [2][-]{subsection.3.1.2}{\376\377\000H\000a\000u\000p\000t\000m\000e\000n\000\374}{section.3.1}% 47
\BOOKMARK [2][-]{subsection.3.1.3}{\376\377\000E\000i\000n\000s\000t\000e\000l\000l\000u\000n\000g\000e\000n}{section.3.1}% 48
\BOOKMARK [1][-]{section.3.2}{\376\377\000e\000r\000w\000e\000i\000t\000e\000r\000t\000e\000\040\000K\000o\000n\000f\000i\000g\000u\000r\000a\000t\000i\000o\000n}{chapter.3}% 49
\BOOKMARK [2][-]{subsection.3.2.1}{\376\377\000V\000e\000r\000s\000t\000\344\000r\000k\000u\000n\000g\000\040\000d\000e\000s\000\040\000S\000D\000R\000s\000\040\000e\000i\000n\000s\000t\000e\000l\000l\000e\000n}{section.3.2}% 50
\BOOKMARK [2][-]{subsection.3.2.2}{\376\377\000R\000o\000t\000o\000r\000-\000U\000n\000t\000e\000r\000s\000t\000\374\000t\000z\000u\000n\000g\000\040\000i\000m\000p\000l\000e\000m\000e\000n\000t\000i\000e\000r\000e\000n}{section.3.2}% 51
\BOOKMARK [2][-]{subsection.3.2.3}{\376\377\000A\000k\000t\000i\000v\000i\000e\000r\000e\000n\000\040\000v\000o\000n\000\040\000B\000i\000a\000s\000-\000T}{section.3.2}% 52
\BOOKMARK [0][-]{chapter.4}{\376\377\000R\000o\000t\000o\000r}{}% 53
\BOOKMARK [1][-]{section.4.1}{\376\377\000A\000z\000i\000m\000u\000t\000\040\000u\000n\000d\000\040\000E\000l\000e\000v\000a\000t\000i\000o\000n}{chapter.4}% 54
\BOOKMARK [1][-]{section.4.2}{\376\377\000Y\000a\000e\000s\000u\000\040\000G\000-\0005\0005\0000\0000\000D\000C\000\040\000R\000o\000t\000o\000r}{chapter.4}% 55
\BOOKMARK [2][-]{subsection.4.2.1}{\376\377\000S\000p\000e\000z\000i\000f\000i\000k\000a\000t\000i\000o\000n\000e\000n}{section.4.2}% 56
\BOOKMARK [2][-]{subsection.4.2.2}{\376\377\000I\000n\000s\000t\000a\000l\000l\000a\000t\000i\000o\000n\000\040\000d\000e\000s\000\040\000R\000o\000t\000o\000r\000s}{section.4.2}% 57
\BOOKMARK [2][-]{subsection.4.2.3}{\376\377\000A\000z\000i\000m\000u\000t\000\040\000u\000n\000d\000\040\000E\000l\000e\000v\000a\000t\000i\000o\000n\000\040\000b\000e\000s\000t\000i\000m\000m\000e\000n}{section.4.2}% 58
\BOOKMARK [1][-]{section.4.3}{\376\377\000E\000m\000u\000l\000a\000t\000i\000o\000n\000\040\000d\000e\000s\000\040\000d\000i\000g\000i\000t\000a\000l\000e\000n\000\040\000C\000o\000m\000p\000u\000t\000e\000r\000\040\000C\000o\000n\000t\000r\000o\000l\000\040\000I\000n\000t\000e\000r\000f\000a\000c\000e\000\040\000G\000S\0002\0003\0002\000A\000/\000B}{chapter.4}% 59
\BOOKMARK [2][-]{subsection.4.3.1}{\376\377\000F\000u\000n\000k\000t\000i\000o\000n\000s\000w\000e\000i\000s\000e\000\040\000d\000e\000s\000\040\000G\000S\0002\0003\0002\000A\000/\000B}{section.4.3}% 60
\BOOKMARK [2][-]{subsection.4.3.2}{\376\377\000S\000o\000f\000t\000w\000a\000r\000e}{section.4.3}% 61
\BOOKMARK [2][-]{subsection.4.3.3}{\376\377\000H\000a\000r\000d\000w\000a\000r\000e}{section.4.3}% 62
\BOOKMARK [2][-]{subsection.4.3.4}{\376\377\000E\000r\000g\000e\000b\000n\000i\000s}{section.4.3}% 63
\BOOKMARK [0][-]{chapter.5}{\376\377\000Q\000u\000a\000d\000r\000i\000f\000i\000l\000a\000r\000e\000\040\000H\000e\000l\000i\000x\000a\000n\000t\000e\000n\000n\000e\000\040\000\050\000Q\000F\000H\000\051}{}% 64
\BOOKMARK [1][-]{section.5.1}{\376\377\000D\000e\000s\000i\000g\000n}{chapter.5}% 65
\BOOKMARK [1][-]{section.5.2}{\376\377\000R\000e\000a\000l\000i\000s\000i\000e\000r\000u\000n\000g}{chapter.5}% 66
\BOOKMARK [1][-]{section.5.3}{\376\377\000M\000e\000s\000s\000u\000n\000g\000e\000n}{chapter.5}% 67
\BOOKMARK [2][-]{subsection.5.3.1}{\376\377\000R\000\374\000c\000k\000f\000l\000u\000s\000s\000d\000\344\000m\000p\000f\000u\000n\000g\000\040\000u\000n\000d\000\040\000S\000m\000i\000t\000h\000-\000D\000i\000a\000g\000r\000a\000m\000m}{section.5.3}% 68
\BOOKMARK [1][-]{section.5.4}{\376\377\000T\000e\000s\000t}{chapter.5}% 69
\BOOKMARK [0][-]{chapter.6}{\376\377\000H\000e\000l\000i\000x\000a\000n\000t\000e\000n\000n\000e}{}% 70
\BOOKMARK [1][-]{section.6.1}{\376\377\000D\000e\000s\000i\000g\000n}{chapter.6}% 71
\BOOKMARK [1][-]{section.6.2}{\376\377\000R\000e\000a\000l\000i\000s\000i\000e\000r\000u\000n\000g}{chapter.6}% 72
\BOOKMARK [1][-]{section.6.3}{\376\377\000A\000n\000p\000a\000s\000s\000u\000n\000g}{chapter.6}% 73
\BOOKMARK [1][-]{section.6.4}{\376\377\000E\000r\000w\000e\000i\000t\000e\000r\000u\000n\000g\000\040\000d\000e\000r\000\040\000H\000e\000l\000i\000x\000a\000n\000t\000e\000n\000n\000e\000\040\000a\000l\000s\000\040\000A\000r\000r\000a\000y}{chapter.6}% 74
\BOOKMARK [2][-]{subsection.6.4.1}{\376\377\000G\000e\000r\000\374\000s\000t}{section.6.4}% 75
\BOOKMARK [2][-]{subsection.6.4.2}{\376\377\000A\000n\000p\000a\000s\000s\000u\000n\000g}{section.6.4}% 76
\BOOKMARK [2][-]{subsection.6.4.3}{\376\377\000M\000e\000s\000s\000u\000n\000g\000e\000n}{section.6.4}% 77
\BOOKMARK [1][-]{section.6.5}{\376\377\000T\000e\000s\000t}{chapter.6}% 78
\BOOKMARK [0][-]{chapter.7}{\376\377\000E\000m\000p\000f\000a\000n\000g\000s\000s\000t\000a\000t\000i\000o\000n}{}% 79
\BOOKMARK [1][-]{section.7.1}{\376\377\000B\000e\000t\000r\000i\000e\000b\000s\000m\000i\000t\000t\000e\000l\000k\000e\000n\000n\000z\000e\000i\000c\000h\000n\000u\000n\000g}{chapter.7}% 80
\BOOKMARK [1][-]{section.7.2}{\376\377\000S\000c\000h\000a\000l\000t\000s\000c\000h\000r\000a\000n\000k}{chapter.7}% 81
\BOOKMARK [2][-]{subsection.7.2.1}{\376\377\000B\000e\000f\000e\000s\000t\000i\000g\000u\000n\000g\000\040\000d\000e\000r\000\040\000K\000o\000m\000p\000o\000n\000e\000n\000t\000e\000n}{section.7.2}% 82
\BOOKMARK [2][-]{subsection.7.2.2}{\376\377\000A\000n\000s\000c\000h\000l\000\374\000s\000s\000e\000\040\000a\000m\000\040\000S\000c\000h\000a\000l\000t\000s\000c\000h\000r\000a\000n\000k}{section.7.2}% 83
\BOOKMARK [2][-]{subsection.7.2.3}{\376\377\000S\000t\000a\000n\000d\000f\000\374\000\337\000e}{section.7.2}% 84
\BOOKMARK [1][-]{section.7.3}{\376\377\000S\000D\000R}{chapter.7}% 85
\BOOKMARK [1][-]{section.7.4}{\376\377\000N\000e\000t\000z\000t\000e\000i\000l}{chapter.7}% 86
\BOOKMARK [1][-]{section.7.5}{\376\377\000N\000e\000t\000z\000k\000a\000b\000e\000l}{chapter.7}% 87
\BOOKMARK [1][-]{section.7.6}{\376\377\000U\000S\000B\000-\000K\000a\000b\000e\000l}{chapter.7}% 88
\BOOKMARK [1][-]{section.7.7}{\376\377\0005\000V\000-\000K\000a\000b\000e\000l}{chapter.7}% 89
\BOOKMARK [1][-]{section.7.8}{\376\377\000D\000I\000N\000-\000K\000a\000b\000e\000l}{chapter.7}% 90
\BOOKMARK [1][-]{section.7.9}{\376\377\000A\000z\000i\000m\000u\000t\000-\000K\000a\000b\000e\000l}{chapter.7}% 91
\BOOKMARK [1][-]{section.7.10}{\376\377\000E\000l\000e\000v\000a\000t\000i\000o\000n\000-\000K\000a\000b\000e\000l}{chapter.7}% 92
\BOOKMARK [1][-]{section.7.11}{\376\377\000S\000c\000h\000u\000k\000o\000\040\0001}{chapter.7}% 93
\BOOKMARK [1][-]{section.7.12}{\376\377\000S\000c\000h\000u\000k\000o\000\040\0002}{chapter.7}% 94
\BOOKMARK [1][-]{section.7.13}{\376\377\000A\000n\000t\000e\000n\000n\000e\000n\000k\000a\000b\000e\000l\000\040\000H\000e\000l\000i\000x\000\040\000u\000n\000d\000\040\000A\000r\000r\000a\000y}{chapter.7}% 95
\BOOKMARK [1][-]{section.7.14}{\376\377\000L\000N\000A}{chapter.7}% 96
\BOOKMARK [1][-]{section.7.15}{\376\377\000A\000n\000t\000e\000n\000n\000e\000n\000-\000K\000a\000b\000e\000l}{chapter.7}% 97
\BOOKMARK [1][-]{section.7.16}{\376\377\000P\000r\000i\000n\000z\000i\000p\000s\000c\000h\000a\000l\000t\000p\000l\000a\000n}{chapter.7}% 98
\BOOKMARK [1][-]{section.7.17}{\376\377\000O\000b\000s\000e\000r\000v\000a\000t\000i\000o\000n\000\040\000p\000l\000a\000n\000e\000n}{chapter.7}% 99
\BOOKMARK [2][-]{subsection.7.17.1}{\376\377\000V\000o\000r\000a\000u\000s\000s\000e\000t\000z\000u\000n\000g}{section.7.17}% 100
\BOOKMARK [2][-]{subsection.7.17.2}{\376\377\000O\000b\000s\000e\000r\000v\000a\000t\000i\000o\000n\000\040\000a\000u\000s\000w\000\344\000h\000l\000e\000n}{section.7.17}% 101
\BOOKMARK [2][-]{subsection.7.17.3}{\376\377\000O\000b\000s\000e\000r\000v\000a\000t\000i\000o\000n\000\040\000a\000u\000s\000w\000e\000r\000t\000e\000n}{section.7.17}% 102
\BOOKMARK [1][-]{section.7.18}{\376\377\000S\000D\000R\000-\000S\000e\000r\000v\000e\000r\000\040\000s\000t\000a\000r\000t\000e\000n}{chapter.7}% 103
\BOOKMARK [1][-]{section.7.19}{\376\377\000g\000e\000e\000i\000g\000n\000e\000t\000e\000\040\000G\000a\000i\000n\000\040\000e\000r\000m\000i\000t\000t\000e\000l\000n}{chapter.7}% 104
\BOOKMARK [0][-]{chapter.8}{\376\377\000P\000r\000o\000j\000e\000k\000t\000m\000a\000n\000a\000g\000e\000m\000e\000n\000t}{}% 105
\BOOKMARK [1][-]{section.8.1}{\376\377\000F\000i\000n\000a\000n\000z\000p\000l\000a\000n\000u\000n\000g}{chapter.8}% 106
\BOOKMARK [1][-]{section.8.2}{\376\377\000K\000o\000m\000m\000u\000n\000i\000k\000a\000t\000i\000o\000n}{chapter.8}% 107
\BOOKMARK [0][-]{chapter.9}{\376\377\000C\000o\000n\000c\000l\000u\000s\000i\000o}{}% 108
\BOOKMARK [0][-]{Danksagung.0}{\376\377\000D\000a\000n\000k\000s\000a\000g\000u\000n\000g}{}% 109
\BOOKMARK [0][-]{section*.123}{\376\377\000A\000b\000b\000i\000l\000d\000u\000n\000g\000s\000v\000e\000r\000z\000e\000i\000c\000h\000n\000i\000s}{}% 110
\BOOKMARK [0][-]{chapter.10}{\376\377\000L\000i\000t\000e\000r\000a\000t\000u\000r\000v\000e\000r\000z\000e\000i\000c\000h\000n\000i\000s}{}% 111
\BOOKMARK [0][-]{chapter.11}{\376\377\000F\000o\000r\000t\000s\000c\000h\000r\000i\000t\000t\000s\000b\000e\000r\000i\000c\000h\000t}{}% 112
\BOOKMARK [1][-]{section.11.1}{\376\377\000G\000a\000b\000r\000i\000e\000l\000\040\000R\000i\000t\000t\000e\000r}{chapter.11}% 113
\BOOKMARK [1][-]{section.11.2}{\376\377\000J\000a\000k\000o\000b\000\040\000M\000e\000t\000z\000l\000e\000r}{chapter.11}% 114
\BOOKMARK [0][-]{chapter.12}{\376\377\000A\000n\000h\000a\000n\000g}{}% 115
\BOOKMARK [0][-]{chapter.13}{\376\377\000G\000r\000u\000p\000p\000e\000n\000p\000r\000o\000t\000o\000k\000o\000l\000l}{}% 116
\BOOKMARK [0][-]{chapter.14}{\376\377\000P\000r\000o\000j\000e\000k\000t\000s\000t\000r\000u\000k\000t\000u\000r}{}% 117
\BOOKMARK [0][-]{chapter.15}{\376\377\000A\000n\000m\000e\000l\000d\000u\000n\000g}{}% 118